# JRE version: OpenJDK Runtime Environment (7.0_79-b14) (build 1.7.0_79-b14)
# Java VM: OpenJDK 64-Bit Server VM (24.79-b02 mixed mode linux-amd64 compressed oops)
Heap
 par new generation   total 39744K, used 12718K [0x00000000d5a00000, 0x00000000d8510000, 0x00000000e04a0000)
  eden space 35392K,  23% used [0x00000000d5a00000, 0x00000000d622ba48, 0x00000000d7c90000)
  from space 4352K, 100% used [0x00000000d7c90000, 0x00000000d80d0000, 0x00000000d80d0000)
  to   space 4352K,   0% used [0x00000000d80d0000, 0x00000000d80d0000, 0x00000000d8510000)
 concurrent mark-sweep generation total 115468K, used 99408K [0x00000000e04a0000, 0x00000000e7563000, 0x00000000f5a00000)
 concurrent-mark-sweep perm gen total 56728K, used 35392K [0x00000000f5a00000, 0x00000000f9166000, 0x0000000100000000)
GC Heap History (10 events):
Event: 13,881 GC heap before
{Heap before GC invocations=18 (full 6):
 par new generation   total 39744K, used 39744K [0x00000000d5a00000, 0x00000000d8510000, 0x00000000e04a0000)
  eden space 35392K, 100% used [0x00000000d5a00000, 0x00000000d7c90000, 0x00000000d7c90000)
  from space 4352K, 100% used [0x00000000d80d0000, 0x00000000d8510000, 0x00000000d8510000)
  to   space 4352K,   0% used [0x00000000d7c90000, 0x00000000d7c90000, 0x00000000d80d0000)
 concurrent mark-sweep generation total 87296K, used 40151K [0x00000000e04a0000, 0x00000000e59e0000, 0x00000000f5a00000)
 concurrent-mark-sweep perm gen total 53992K, used 33277K [0x00000000f5a00000, 0x00000000f8eba000, 0x0000000100000000)
Event: 13,928 GC heap after
Heap after GC invocations=19 (full 6):
 par new generation   total 39744K, used 4352K [0x00000000d5a00000, 0x00000000d8510000, 0x00000000e04a0000)
  eden space 35392K,   0% used [0x00000000d5a00000, 0x00000000d5a00000, 0x00000000d7c90000)
  from space 4352K, 100% used [0x00000000d7c90000, 0x00000000d80d0000, 0x00000000d80d0000)
  to   space 4352K,   0% used [0x00000000d80d0000, 0x00000000d80d0000, 0x00000000d8510000)
 concurrent mark-sweep generation total 87296K, used 54605K [0x00000000e04a0000, 0x00000000e59e0000, 0x00000000f5a00000)
 concurrent-mark-sweep perm gen total 53992K, used 33277K [0x00000000f5a00000, 0x00000000f8eba000, 0x0000000100000000)
}
Event: 14,987 GC heap before
{Heap before GC invocations=19 (full 7):
 par new generation   total 39744K, used 39744K [0x00000000d5a00000, 0x00000000d8510000, 0x00000000e04a0000)
  eden space 35392K, 100% used [0x00000000d5a00000, 0x00000000d7c90000, 0x00000000d7c90000)
  from space 4352K, 100% used [0x00000000d7c90000, 0x00000000d80d0000, 0x00000000d80d0000)
  to   space 4352K,   0% used [0x00000000d80d0000, 0x00000000d80d0000, 0x00000000d8510000)
 concurrent mark-sweep generation total 87296K, used 54605K [0x00000000e04a0000, 0x00000000e59e0000, 0x00000000f5a00000)
 concurrent-mark-sweep perm gen total 53992K, used 33547K [0x00000000f5a00000, 0x00000000f8eba000, 0x0000000100000000)
Event: 15,061 GC heap after
Heap after GC invocations=20 (full 7):
 par new generation   total 39744K, used 4352K [0x00000000d5a00000, 0x00000000d8510000, 0x00000000e04a0000)
  eden space 35392K,   0% used [0x00000000d5a00000, 0x00000000d5a00000, 0x00000000d7c90000)
  from space 4352K, 100% used [0x00000000d80d0000, 0x00000000d8510000, 0x00000000d8510000)
  to   space 4352K,   0% used [0x00000000d7c90000, 0x00000000d7c90000, 0x00000000d80d0000)
 concurrent mark-sweep generation total 87296K, used 66369K [0x00000000e04a0000, 0x00000000e59e0000, 0x00000000f5a00000)
 concurrent-mark-sweep perm gen total 53992K, used 33547K [0x00000000f5a00000, 0x00000000f8eba000, 0x0000000100000000)
}
Event: 15,065 GC heap before
{Heap before GC invocations=20 (full 7):
 par new generation   total 39744K, used 4482K [0x00000000d5a00000, 0x00000000d8510000, 0x00000000e04a0000)
  eden space 35392K,   0% used [0x00000000d5a00000, 0x00000000d5a20ba8, 0x00000000d7c90000)
  from space 4352K, 100% used [0x00000000d80d0000, 0x00000000d8510000, 0x00000000d8510000)
  to   space 4352K,   0% used [0x00000000d7c90000, 0x00000000d7c90000, 0x00000000d80d0000)
 concurrent mark-sweep generation total 87296K, used 66369K [0x00000000e04a0000, 0x00000000e59e0000, 0x00000000f5a00000)
 concurrent-mark-sweep perm gen total 53992K, used 33547K [0x00000000f5a00000, 0x00000000f8eba000, 0x0000000100000000)
Event: 15,090 GC heap after
Heap after GC invocations=21 (full 7):
 par new generation   total 39744K, used 2379K [0x00000000d5a00000, 0x00000000d8510000, 0x00000000e04a0000)
  eden space 35392K,   0% used [0x00000000d5a00000, 0x00000000d5a00000, 0x00000000d7c90000)
  from space 4352K,  54% used [0x00000000d7c90000, 0x00000000d7ee2c90, 0x00000000d80d0000)
  to   space 4352K,   0% used [0x00000000d80d0000, 0x00000000d80d0000, 0x00000000d8510000)
 concurrent mark-sweep generation total 87296K, used 70787K [0x00000000e04a0000, 0x00000000e59e0000, 0x00000000f5a00000)
 concurrent-mark-sweep perm gen total 53992K, used 33547K [0x00000000f5a00000, 0x00000000f8eba000, 0x0000000100000000)
}
Event: 15,970 GC heap before
{Heap before GC invocations=21 (full 7):
 par new generation   total 39744K, used 37771K [0x00000000d5a00000, 0x00000000d8510000, 0x00000000e04a0000)
  eden space 35392K, 100% used [0x00000000d5a00000, 0x00000000d7c90000, 0x00000000d7c90000)
  from space 4352K,  54% used [0x00000000d7c90000, 0x00000000d7ee2c90, 0x00000000d80d0000)
  to   space 4352K,   0% used [0x00000000d80d0000, 0x00000000d80d0000, 0x00000000d8510000)
 concurrent mark-sweep generation total 115468K, used 69280K [0x00000000e04a0000, 0x00000000e7563000, 0x00000000f5a00000)
 concurrent-mark-sweep perm gen total 56728K, used 34035K [0x00000000f5a00000, 0x00000000f9166000, 0x0000000100000000)
Event: 16,045 GC heap after
Heap after GC invocations=22 (full 7):
 par new generation   total 39744K, used 4352K [0x00000000d5a00000, 0x00000000d8510000, 0x00000000e04a0000)
  eden space 35392K,   0% used [0x00000000d5a00000, 0x00000000d5a00000, 0x00000000d7c90000)
  from space 4352K, 100% used [0x00000000d80d0000, 0x00000000d8510000, 0x00000000d8510000)
  to   space 4352K,   0% used [0x00000000d7c90000, 0x00000000d7c90000, 0x00000000d80d0000)
 concurrent mark-sweep generation total 115468K, used 86867K [0x00000000e04a0000, 0x00000000e7563000, 0x00000000f5a00000)
 concurrent-mark-sweep perm gen total 56728K, used 34035K [0x00000000f5a00000, 0x00000000f9166000, 0x0000000100000000)
}
Event: 17,799 GC heap before
{Heap before GC invocations=22 (full 8):
 par new generation   total 39744K, used 39744K [0x00000000d5a00000, 0x00000000d8510000, 0x00000000e04a0000)
  eden space 35392K, 100% used [0x00000000d5a00000, 0x00000000d7c90000, 0x00000000d7c90000)
  from space 4352K, 100% used [0x00000000d80d0000, 0x00000000d8510000, 0x00000000d8510000)
  to   space 4352K,   0% used [0x00000000d7c90000, 0x00000000d7c90000, 0x00000000d80d0000)
 concurrent mark-sweep generation total 115468K, used 86867K [0x00000000e04a0000, 0x00000000e7563000, 0x00000000f5a00000)
 concurrent-mark-sweep perm gen total 56728K, used 35017K [0x00000000f5a00000, 0x00000000f9166000, 0x0000000100000000)
Event: 17,841 GC heap after
Heap after GC invocations=23 (full 8):
 par new generation   total 39744K, used 4352K [0x00000000d5a00000, 0x00000000d8510000, 0x00000000e04a0000)
  eden space 35392K,   0% used [0x00000000d5a00000, 0x00000000d5a00000, 0x00000000d7c90000)
  from space 4352K, 100% used [0x00000000d7c90000, 0x00000000d80d0000, 0x00000000d80d0000)
  to   space 4352K,   0% used [0x00000000d80d0000, 0x00000000d80d0000, 0x00000000d8510000)
 concurrent mark-sweep generation total 115468K, used 99408K [0x00000000e04a0000, 0x00000000e7563000, 0x00000000f5a00000)
 concurrent-mark-sweep perm gen total 56728K, used 35017K [0x00000000f5a00000, 0x00000000f9166000, 0x0000000100000000)
}

